# JRE version: OpenJDK Runtime Environment (11.0.12+7) (build 11.0.12+7-b1504.28-7817840)
# Java VM: OpenJDK 64-Bit Server VM (11.0.12+7-b1504.28-7817840, mixed mode, tiered, compressed oops, g1 gc, windows-amd64)
Heap:
 garbage-first heap   total 262144K, used 89971K [0x0000000080000000, 0x0000000100000000)
  region size 1024K, 71 young (72704K), 6 survivors (6144K)
 Metaspace       used 40069K, capacity 40916K, committed 40956K, reserved 1085440K
  class space    used 5121K, capacity 5434K, committed 5452K, reserved 1048576K
GC Heap History (14 events):
Event: 9.180 GC heap before
{Heap before GC invocations=0 (full 0):
 garbage-first heap   total 262144K, used 16384K [0x0000000080000000, 0x0000000100000000)
  region size 1024K, 14 young (14336K), 0 survivors (0K)
 Metaspace       used 6764K, capacity 6937K, committed 7168K, reserved 1056768K
  class space    used 585K, capacity 650K, committed 768K, reserved 1048576K
}
Event: 9.184 GC heap after
{Heap after GC invocations=1 (full 0):
 garbage-first heap   total 262144K, used 4581K [0x0000000080000000, 0x0000000100000000)
  region size 1024K, 2 young (2048K), 2 survivors (2048K)
 Metaspace       used 6764K, capacity 6937K, committed 7168K, reserved 1056768K
  class space    used 585K, capacity 650K, committed 768K, reserved 1048576K
}
Event: 9.745 GC heap before
{Heap before GC invocations=1 (full 0):
 garbage-first heap   total 262144K, used 19941K [0x0000000080000000, 0x0000000100000000)
  region size 1024K, 14 young (14336K), 2 survivors (2048K)
 Metaspace       used 10273K, capacity 10565K, committed 10624K, reserved 1058816K
  class space    used 1073K, capacity 1139K, committed 1152K, reserved 1048576K
}
Event: 9.751 GC heap after
{Heap after GC invocations=2 (full 0):
 garbage-first heap   total 262144K, used 9717K [0x0000000080000000, 0x0000000100000000)
  region size 1024K, 2 young (2048K), 2 survivors (2048K)
 Metaspace       used 10273K, capacity 10565K, committed 10624K, reserved 1058816K
  class space    used 1073K, capacity 1139K, committed 1152K, reserved 1048576K
}
Event: 14.723 GC heap before
{Heap before GC invocations=2 (full 0):
 garbage-first heap   total 262144K, used 38389K [0x0000000080000000, 0x0000000100000000)
  region size 1024K, 30 young (30720K), 2 survivors (2048K)
 Metaspace       used 11247K, capacity 11520K, committed 11776K, reserved 1060864K
  class space    used 1176K, capacity 1244K, committed 1280K, reserved 1048576K
}
Event: 14.727 GC heap after
{Heap after GC invocations=3 (full 0):
 garbage-first heap   total 262144K, used 12741K [0x0000000080000000, 0x0000000100000000)
  region size 1024K, 4 young (4096K), 4 survivors (4096K)
 Metaspace       used 11247K, capacity 11520K, committed 11776K, reserved 1060864K
  class space    used 1176K, capacity 1244K, committed 1280K, reserved 1048576K
}
Event: 19.679 GC heap before
{Heap before GC invocations=3 (full 0):
 garbage-first heap   total 262144K, used 54725K [0x0000000080000000, 0x0000000100000000)
  region size 1024K, 45 young (46080K), 4 survivors (4096K)
 Metaspace       used 17617K, capacity 18081K, committed 18432K, reserved 1064960K
  class space    used 2072K, capacity 2179K, committed 2304K, reserved 1048576K
}
Event: 19.691 GC heap after
{Heap after GC invocations=4 (full 0):
 garbage-first heap   total 262144K, used 16270K [0x0000000080000000, 0x0000000100000000)
  region size 1024K, 6 young (6144K), 6 survivors (6144K)
 Metaspace       used 17617K, capacity 18081K, committed 18432K, reserved 1064960K
  class space    used 2072K, capacity 2179K, committed 2304K, reserved 1048576K
}
Event: 20.793 GC heap before
{Heap before GC invocations=4 (full 0):
 garbage-first heap   total 262144K, used 45966K [0x0000000080000000, 0x0000000100000000)
  region size 1024K, 36 young (36864K), 6 survivors (6144K)
 Metaspace       used 20689K, capacity 21181K, committed 21296K, reserved 1069056K
  class space    used 2539K, capacity 2680K, committed 2688K, reserved 1048576K
}
Event: 20.805 GC heap after
{Heap after GC invocations=5 (full 0):
 garbage-first heap   total 262144K, used 17493K [0x0000000080000000, 0x0000000100000000)
  region size 1024K, 6 young (6144K), 6 survivors (6144K)
 Metaspace       used 20689K, capacity 21181K, committed 21296K, reserved 1069056K
  class space    used 2539K, capacity 2680K, committed 2688K, reserved 1048576K
}
Event: 23.007 GC heap before
{Heap before GC invocations=6 (full 0):
 garbage-first heap   total 262144K, used 70741K [0x0000000080000000, 0x0000000100000000)
  region size 1024K, 58 young (59392K), 6 survivors (6144K)
 Metaspace       used 26388K, capacity 26954K, committed 27184K, reserved 1073152K
  class space    used 3422K, capacity 3612K, committed 3712K, reserved 1048576K
}
Event: 23.026 GC heap after
{Heap after GC invocations=7 (full 0):
 garbage-first heap   total 262144K, used 19501K [0x0000000080000000, 0x0000000100000000)
  region size 1024K, 4 young (4096K), 4 survivors (4096K)
 Metaspace       used 26388K, capacity 26954K, committed 27184K, reserved 1073152K
  class space    used 3422K, capacity 3612K, committed 3712K, reserved 1048576K
}
Event: 25.755 GC heap before
{Heap before GC invocations=7 (full 0):
 garbage-first heap   total 262144K, used 78893K [0x0000000080000000, 0x0000000100000000)
  region size 1024K, 63 young (64512K), 4 survivors (4096K)
 Metaspace       used 34877K, capacity 35663K, committed 35708K, reserved 1081344K
  class space    used 4522K, capacity 4839K, committed 4864K, reserved 1048576K
}
Event: 25.790 GC heap after
{Heap after GC invocations=8 (full 0):
 garbage-first heap   total 262144K, used 22387K [0x0000000080000000, 0x0000000100000000)
  region size 1024K, 6 young (6144K), 6 survivors (6144K)
 Metaspace       used 34877K, capacity 35663K, committed 35708K, reserved 1081344K
  class space    used 4522K, capacity 4839K, committed 4864K, reserved 1048576K
}

