# JRE version: OpenJDK Runtime Environment (11.0.12+7) (build 11.0.12+7-b1504.28-7817840)
# Java VM: OpenJDK 64-Bit Server VM (11.0.12+7-b1504.28-7817840, mixed mode, tiered, compressed oops, g1 gc, windows-amd64)
Heap:
 garbage-first heap   total 262144K, used 129772K [0x0000000080000000, 0x0000000100000000)
  region size 1024K, 24 young (24576K), 8 survivors (8192K)
 Metaspace       used 115854K, capacity 119242K, committed 119468K, reserved 1153024K
  class space    used 15012K, capacity 16323K, committed 16384K, reserved 1048576K
GC Heap History (20 events):
Event: 21.599 GC heap before
{Heap before GC invocations=10 (full 0):
 garbage-first heap   total 262144K, used 153658K [0x0000000080000000, 0x0000000100000000)
  region size 1024K, 132 young (135168K), 14 survivors (14336K)
 Metaspace       used 58818K, capacity 60219K, committed 60288K, reserved 1101824K
  class space    used 7490K, capacity 8043K, committed 8064K, reserved 1048576K
}
Event: 21.657 GC heap after
{Heap after GC invocations=11 (full 0):
 garbage-first heap   total 262144K, used 44728K [0x0000000080000000, 0x0000000100000000)
  region size 1024K, 18 young (18432K), 18 survivors (18432K)
 Metaspace       used 58818K, capacity 60219K, committed 60288K, reserved 1101824K
  class space    used 7490K, capacity 8043K, committed 8064K, reserved 1048576K
}
Event: 26.989 GC heap before
{Heap before GC invocations=12 (full 0):
 garbage-first heap   total 262144K, used 182968K [0x0000000080000000, 0x0000000100000000)
  region size 1024K, 153 young (156672K), 18 survivors (18432K)
 Metaspace       used 69728K, capacity 71345K, committed 71424K, reserved 1112064K
  class space    used 9078K, capacity 9686K, committed 9728K, reserved 1048576K
}
Event: 27.030 GC heap after
{Heap after GC invocations=13 (full 0):
 garbage-first heap   total 262144K, used 54479K [0x0000000080000000, 0x0000000100000000)
  region size 1024K, 20 young (20480K), 20 survivors (20480K)
 Metaspace       used 69728K, capacity 71345K, committed 71424K, reserved 1112064K
  class space    used 9078K, capacity 9686K, committed 9728K, reserved 1048576K
}
Event: 34.995 GC heap before
{Heap before GC invocations=13 (full 0):
 garbage-first heap   total 262144K, used 189647K [0x0000000080000000, 0x0000000100000000)
  region size 1024K, 153 young (156672K), 20 survivors (20480K)
 Metaspace       used 81027K, capacity 83003K, committed 83200K, reserved 1120256K
  class space    used 10690K, capacity 11444K, committed 11520K, reserved 1048576K
}
Event: 35.042 GC heap after
{Heap after GC invocations=14 (full 0):
 garbage-first heap   total 262144K, used 63958K [0x0000000080000000, 0x0000000100000000)
  region size 1024K, 19 young (19456K), 19 survivors (19456K)
 Metaspace       used 81027K, capacity 83003K, committed 83200K, reserved 1120256K
  class space    used 10690K, capacity 11444K, committed 11520K, reserved 1048576K
}
Event: 366.840 GC heap before
{Heap before GC invocations=14 (full 0):
 garbage-first heap   total 262144K, used 200150K [0x0000000080000000, 0x0000000100000000)
  region size 1024K, 153 young (156672K), 19 survivors (19456K)
 Metaspace       used 83395K, capacity 85556K, committed 85760K, reserved 1124352K
  class space    used 10883K, capacity 11705K, committed 11776K, reserved 1048576K
}
Event: 366.886 GC heap after
{Heap after GC invocations=15 (full 0):
 garbage-first heap   total 262144K, used 72192K [0x0000000080000000, 0x0000000100000000)
  region size 1024K, 17 young (17408K), 17 survivors (17408K)
 Metaspace       used 83395K, capacity 85556K, committed 85760K, reserved 1124352K
  class space    used 10883K, capacity 11705K, committed 11776K, reserved 1048576K
}
Event: 746.181 GC heap before
{Heap before GC invocations=15 (full 0):
 garbage-first heap   total 262144K, used 208384K [0x0000000080000000, 0x0000000100000000)
  region size 1024K, 147 young (150528K), 17 survivors (17408K)
 Metaspace       used 92146K, capacity 94527K, committed 94720K, reserved 1130496K
  class space    used 11857K, capacity 12726K, committed 12800K, reserved 1048576K
}
Event: 746.246 GC heap after
{Heap after GC invocations=16 (full 0):
 garbage-first heap   total 262144K, used 90112K [0x0000000080000000, 0x0000000100000000)
  region size 1024K, 19 young (19456K), 19 survivors (19456K)
 Metaspace       used 92146K, capacity 94527K, committed 94720K, reserved 1130496K
  class space    used 11857K, capacity 12726K, committed 12800K, reserved 1048576K
}
Event: 748.317 GC heap before
{Heap before GC invocations=16 (full 0):
 garbage-first heap   total 262144K, used 145408K [0x0000000080000000, 0x0000000100000000)
  region size 1024K, 75 young (76800K), 19 survivors (19456K)
 Metaspace       used 98122K, capacity 100755K, committed 100908K, reserved 1136640K
  class space    used 12642K, capacity 13635K, committed 13696K, reserved 1048576K
}
Event: 748.362 GC heap after
{Heap after GC invocations=17 (full 0):
 garbage-first heap   total 262144K, used 90112K [0x0000000080000000, 0x0000000100000000)
  region size 1024K, 3 young (3072K), 3 survivors (3072K)
 Metaspace       used 98122K, capacity 100755K, committed 100908K, reserved 1136640K
  class space    used 12642K, capacity 13635K, committed 13696K, reserved 1048576K
}
Event: 750.794 GC heap before
{Heap before GC invocations=18 (full 0):
 garbage-first heap   total 262144K, used 179200K [0x0000000080000000, 0x0000000100000000)
  region size 1024K, 91 young (93184K), 3 survivors (3072K)
 Metaspace       used 109238K, capacity 112260K, committed 112556K, reserved 1146880K
  class space    used 14323K, capacity 15500K, committed 15616K, reserved 1048576K
}
Event: 750.815 GC heap after
{Heap after GC invocations=19 (full 0):
 garbage-first heap   total 262144K, used 94208K [0x0000000080000000, 0x0000000100000000)
  region size 1024K, 7 young (7168K), 7 survivors (7168K)
 Metaspace       used 109238K, capacity 112260K, committed 112556K, reserved 1146880K
  class space    used 14323K, capacity 15500K, committed 15616K, reserved 1048576K
}
Event: 1529.469 GC heap before
{Heap before GC invocations=20 (full 0):
 garbage-first heap   total 262144K, used 194560K [0x0000000080000000, 0x0000000100000000)
  region size 1024K, 97 young (99328K), 7 survivors (7168K)
 Metaspace       used 112222K, capacity 115371K, committed 115500K, reserved 1148928K
  class space    used 14658K, capacity 15912K, committed 16000K, reserved 1048576K
}
Event: 1529.493 GC heap after
{Heap after GC invocations=21 (full 0):
 garbage-first heap   total 262144K, used 97598K [0x0000000080000000, 0x0000000100000000)
  region size 1024K, 13 young (13312K), 13 survivors (13312K)
 Metaspace       used 112222K, capacity 115371K, committed 115500K, reserved 1148928K
  class space    used 14658K, capacity 15912K, committed 16000K, reserved 1048576K
}
Event: 1533.718 GC heap before
{Heap before GC invocations=21 (full 0):
 garbage-first heap   total 262144K, used 186686K [0x0000000080000000, 0x0000000100000000)
  region size 1024K, 97 young (99328K), 13 survivors (13312K)
 Metaspace       used 114164K, capacity 117398K, committed 117420K, reserved 1150976K
  class space    used 14851K, capacity 16119K, committed 16128K, reserved 1048576K
}
Event: 1533.756 GC heap after
{Heap after GC invocations=22 (full 0):
 garbage-first heap   total 262144K, used 110908K [0x0000000080000000, 0x0000000100000000)
  region size 1024K, 13 young (13312K), 13 survivors (13312K)
 Metaspace       used 114164K, capacity 117398K, committed 117420K, reserved 1150976K
  class space    used 14851K, capacity 16119K, committed 16128K, reserved 1048576K
}
Event: 1620.177 GC heap before
{Heap before GC invocations=22 (full 0):
 garbage-first heap   total 262144K, used 207164K [0x0000000080000000, 0x0000000100000000)
  region size 1024K, 97 young (99328K), 13 survivors (13312K)
 Metaspace       used 115776K, capacity 119094K, committed 119212K, reserved 1153024K
  class space    used 15009K, capacity 16318K, committed 16384K, reserved 1048576K
}
Event: 1620.209 GC heap after
{Heap after GC invocations=23 (full 0):
 garbage-first heap   total 262144K, used 115436K [0x0000000080000000, 0x0000000100000000)
  region size 1024K, 8 young (8192K), 8 survivors (8192K)
 Metaspace       used 115776K, capacity 119094K, committed 119212K, reserved 1153024K
  class space    used 15009K, capacity 16318K, committed 16384K, reserved 1048576K
}

